2003.09.25 14:41 B D:\Antigo1\sj\Pagina\imagem\fotos\mano.jpg --> ftp.sjracing.com.br /www/imagem/fotos mano.jpg
2003.09.25 14:41 B D:\Antigo1\sj\Pagina\imagem\fotos\nova shopping.jpg --> ftp.sjracing.com.br /www/imagem/fotos nova shopping.jpg
2003.09.25 14:41 B D:\Antigo1\sj\Pagina\imagem\fotos\perobo.jpg --> ftp.sjracing.com.br /www/imagem/fotos perobo.jpg
2003.09.25 14:41 B D:\Antigo1\sj\Pagina\imagem\fotos\perobo1.jpg --> ftp.sjracing.com.br /www/imagem/fotos perobo1.jpg
2003.09.25 14:41 B D:\Antigo1\sj\Pagina\imagem\fotos\perobo2.jpg --> ftp.sjracing.com.br /www/imagem/fotos perobo2.jpg
2003.09.25 14:41 B D:\Antigo1\sj\Pagina\imagem\fotos\perobo3.jpg --> ftp.sjracing.com.br /www/imagem/fotos perobo3.jpg
2003.09.25 14:41 B D:\Antigo1\sj\Pagina\imagem\fotos\pista shopping.jpg --> ftp.sjracing.com.br /www/imagem/fotos pista shopping.jpg
2003.09.25 14:41 B D:\Antigo1\sj\Pagina\imagem\fotos\quanto fio.jpg --> ftp.sjracing.com.br /www/imagem/fotos quanto fio.jpg
2003.09.25 14:49 B D:\Antigo1\sj\Pagina\imagem\fotos\mano.jpg --> ftp.sjracing.com.br /www/imagem/fotos mano.jpg
2003.09.25 14:49 B D:\Antigo1\sj\Pagina\imagem\fotos\perobo1.jpg --> ftp.sjracing.com.br /www/imagem/fotos perobo1.jpg
2003.10.10 10:01 B D:\Antigo1\sj\Pagina\imagem\fotos\10.jpg --> ftp.sjracing.com.br /www/imagem/fotos 10.jpg
2003.10.10 10:01 B D:\Antigo1\sj\Pagina\imagem\fotos\11.jpg --> ftp.sjracing.com.br /www/imagem/fotos 11.jpg
2003.10.10 10:01 B D:\Antigo1\sj\Pagina\imagem\fotos\12.jpg --> ftp.sjracing.com.br /www/imagem/fotos 12.jpg
2003.10.10 10:01 B D:\Antigo1\sj\Pagina\imagem\fotos\18.jpg --> ftp.sjracing.com.br /www/imagem/fotos 18.jpg
2003.10.10 10:01 B D:\Antigo1\sj\Pagina\imagem\fotos\19.jpg --> ftp.sjracing.com.br /www/imagem/fotos 19.jpg
2003.10.10 10:01 B D:\Antigo1\sj\Pagina\imagem\fotos\20.jpg --> ftp.sjracing.com.br /www/imagem/fotos 20.jpg
2003.10.10 10:01 B D:\Antigo1\sj\Pagina\imagem\fotos\21.jpg --> ftp.sjracing.com.br /www/imagem/fotos 21.jpg
2003.10.10 10:01 B D:\Antigo1\sj\Pagina\imagem\fotos\22.jpg --> ftp.sjracing.com.br /www/imagem/fotos 22.jpg
2003.10.10 10:01 B D:\Antigo1\sj\Pagina\imagem\fotos\25.jpg --> ftp.sjracing.com.br /www/imagem/fotos 25.jpg
2003.10.10 10:01 B D:\Antigo1\sj\Pagina\imagem\fotos\29.jpg --> ftp.sjracing.com.br /www/imagem/fotos 29.jpg
2003.10.10 10:01 B D:\Antigo1\sj\Pagina\imagem\fotos\32.jpg --> ftp.sjracing.com.br /www/imagem/fotos 32.jpg
2003.10.10 10:01 B D:\Antigo1\sj\Pagina\imagem\fotos\36.jpg --> ftp.sjracing.com.br /www/imagem/fotos 36.jpg
2003.10.10 10:01 B D:\Antigo1\sj\Pagina\imagem\fotos\38.jpg --> ftp.sjracing.com.br /www/imagem/fotos 38.jpg
2003.10.10 10:01 B D:\Antigo1\sj\Pagina\imagem\fotos\40.jpg --> ftp.sjracing.com.br /www/imagem/fotos 40.jpg
2003.10.10 10:01 B D:\Antigo1\sj\Pagina\imagem\fotos\5.jpg --> ftp.sjracing.com.br /www/imagem/fotos 5.jpg
2003.10.10 10:01 B D:\Antigo1\sj\Pagina\imagem\fotos\7.jpg --> ftp.sjracing.com.br /www/imagem/fotos 7.jpg
2003.10.10 10:01 B D:\Antigo1\sj\Pagina\imagem\fotos\caminhao troca troca.jpg --> ftp.sjracing.com.br /www/imagem/fotos caminhao troca troca.jpg
2003.10.10 10:01 B D:\Antigo1\sj\Pagina\imagem\fotos\enduro angelao.jpg --> ftp.sjracing.com.br /www/imagem/fotos enduro angelao.jpg
2003.10.10 10:01 B D:\Antigo1\sj\Pagina\imagem\fotos\enduro tela.jpg --> ftp.sjracing.com.br /www/imagem/fotos enduro tela.jpg
2003.10.10 10:01 B D:\Antigo1\sj\Pagina\imagem\fotos\enduro veia loca.jpg --> ftp.sjracing.com.br /www/imagem/fotos enduro veia loca.jpg
2003.10.10 10:01 B D:\Antigo1\sj\Pagina\imagem\fotos\enduro veteranos.jpg --> ftp.sjracing.com.br /www/imagem/fotos enduro veteranos.jpg
2003.10.10 10:01 B D:\Antigo1\sj\Pagina\imagem\fotos\mano.jpg --> ftp.sjracing.com.br /www/imagem/fotos mano.jpg
2003.10.10 10:01 B D:\Antigo1\sj\Pagina\imagem\fotos\nova shopping.jpg --> ftp.sjracing.com.br /www/imagem/fotos nova shopping.jpg
2003.10.10 10:01 B D:\Antigo1\sj\Pagina\imagem\fotos\perobo.jpg --> ftp.sjracing.com.br /www/imagem/fotos perobo.jpg
2003.10.10 10:01 B D:\Antigo1\sj\Pagina\imagem\fotos\perobo1.jpg --> ftp.sjracing.com.br /www/imagem/fotos perobo1.jpg
2003.10.10 10:01 B D:\Antigo1\sj\Pagina\imagem\fotos\perobo2.jpg --> ftp.sjracing.com.br /www/imagem/fotos perobo2.jpg
2003.10.10 10:01 B D:\Antigo1\sj\Pagina\imagem\fotos\perobo3.jpg --> ftp.sjracing.com.br /www/imagem/fotos perobo3.jpg
2003.10.10 10:01 B D:\Antigo1\sj\Pagina\imagem\fotos\pista shopping.jpg --> ftp.sjracing.com.br /www/imagem/fotos pista shopping.jpg
2003.10.10 10:01 B D:\Antigo1\sj\Pagina\imagem\fotos\quanto fio.jpg --> ftp.sjracing.com.br /www/imagem/fotos quanto fio.jpg
2003.10.10 10:01 B D:\Antigo1\sj\Pagina\imagem\fotos\silvia veia loca.jpg --> ftp.sjracing.com.br /www/imagem/fotos silvia veia loca.jpg
2003.10.10 10:07 B D:\Antigo1\sj\Pagina\imagem\fotos\silvia.jpg --> ftp.sjracing.com.br /www/imagem/fotos silvia.jpg
2003.11.25 12:28 B F:\1\1 sj\Pagina\imagem\fotos\giovanni2.jpg --> ftp.sjracing.com.br /www/imagem/fotos giovanni2.jpg
2003.11.25 12:28 B F:\1\1 sj\Pagina\imagem\fotos\giovanni.jpg --> ftp.sjracing.com.br /www/imagem/fotos giovanni.jpg
2003.11.30 22:36 B F:\1\1 sj\Pagina\imagem\fotos\Final rocha.jpg --> ftp.sjracing.com.br /www/imagem/fotos Final rocha.jpg
2003.11.30 22:36 B F:\1\1 sj\Pagina\imagem\fotos\final casal veia.jpg --> ftp.sjracing.com.br /www/imagem/fotos final casal veia.jpg
2003.12.03 13:55 B F:\1\1 sj\Pagina\imagem\fotos\bonga1.jpg --> ftp.sjracing.com.br /www/imagem/fotos bonga1.jpg
2003.12.03 17:25 B F:\1\1 sj\Pagina\imagem\fotos\gera.jpg --> ftp.sjracing.com.br /www/imagem/fotos gera.jpg
